2020-06-28 23:00:21.589  INFO 16520 --- [main] com.poker.poker.PokerApplicationTests    : Starting PokerApplicationTests on DESKTOP-5RDSJHP with PID 16520 (started by Admin in C:\Users\Admin\GitHub_Repos\poker\poker-server)
2020-06-28 23:00:21.594 DEBUG 16520 --- [main] com.poker.poker.PokerApplicationTests    : Running with Spring Boot v2.2.6.RELEASE, Spring v5.2.5.RELEASE
2020-06-28 23:00:21.595  INFO 16520 --- [main] com.poker.poker.PokerApplicationTests    : No active profile set, falling back to default profiles: default
2020-06-28 23:00:21.933  INFO 16520 --- [main] .s.d.r.c.RepositoryConfigurationDelegate : Bootstrapping Spring Data MongoDB repositories in DEFAULT mode.
2020-06-28 23:00:21.970  INFO 16520 --- [main] .s.d.r.c.RepositoryConfigurationDelegate : Finished Spring Data repository scanning in 33ms. Found 5 MongoDB repository interfaces.
2020-06-28 23:00:22.502  INFO 16520 --- [main] org.mongodb.driver.cluster               : Cluster created with settings {hosts=[localhost:27017], mode=MULTIPLE, requiredClusterType=UNKNOWN, serverSelectionTimeout='30000 ms', maxWaitQueueSize=500}
2020-06-28 23:00:22.502  INFO 16520 --- [main] org.mongodb.driver.cluster               : Adding discovered server localhost:27017 to client view of cluster
2020-06-28 23:00:22.546  INFO 16520 --- [cluster-ClusterId{value='5ef95946db1f98439a346096', description='null'}-localhost:27017] org.mongodb.driver.connection            : Opened connection [connectionId{localValue:1, serverValue:119}] to localhost:27017
2020-06-28 23:00:22.549  INFO 16520 --- [cluster-ClusterId{value='5ef95946db1f98439a346096', description='null'}-localhost:27017] org.mongodb.driver.cluster               : Monitor thread successfully connected to server with description ServerDescription{address=localhost:27017, type=STANDALONE, state=CONNECTED, ok=true, version=ServerVersion{versionList=[4, 2, 5]}, minWireVersion=0, maxWireVersion=8, maxDocumentSize=16777216, logicalSessionTimeoutMinutes=30, roundTripTimeNanos=2233100}
2020-06-28 23:00:22.550  INFO 16520 --- [cluster-ClusterId{value='5ef95946db1f98439a346096', description='null'}-localhost:27017] org.mongodb.driver.cluster               : Discovered cluster type of STANDALONE
2020-06-28 23:00:23.191  INFO 16520 --- [main] o.s.s.web.DefaultSecurityFilterChain     : Creating filter chain: any request, [org.springframework.security.web.context.request.async.WebAsyncManagerIntegrationFilter@2d9de284, org.springframework.security.web.context.SecurityContextPersistenceFilter@47fa3671, org.springframework.security.web.header.HeaderWriterFilter@42ff9a77, org.springframework.web.filter.CorsFilter@4b5798c2, org.springframework.security.web.authentication.logout.LogoutFilter@1c92a549, com.poker.poker.filters.JwtRequestFilter@349f0ca4, org.springframework.security.web.savedrequest.RequestCacheAwareFilter@5df2023c, org.springframework.security.web.servletapi.SecurityContextHolderAwareRequestFilter@30358dc7, org.springframework.security.web.authentication.AnonymousAuthenticationFilter@7540160e, org.springframework.security.web.session.SessionManagementFilter@915d7c4, org.springframework.security.web.access.ExceptionTranslationFilter@352e5a82, org.springframework.security.web.access.intercept.FilterSecurityInterceptor@166e5a6d]
2020-06-28 23:00:23.421  INFO 16520 --- [main] o.s.s.concurrent.ThreadPoolTaskExecutor  : Initializing ExecutorService 'applicationTaskExecutor'
2020-06-28 23:00:24.030  INFO 16520 --- [main] o.s.s.c.ThreadPoolTaskScheduler          : Initializing ExecutorService 'taskScheduler'
2020-06-28 23:00:24.068  INFO 16520 --- [main] com.poker.poker.PokerApplicationTests    : Started PokerApplicationTests in 2.648 seconds (JVM running for 5.551)
2020-06-28 23:00:24.188  INFO 16520 --- [main] o.s.mock.web.MockServletContext          : Initializing Spring TestDispatcherServlet ''
2020-06-28 23:00:24.189  INFO 16520 --- [main] o.s.t.web.servlet.TestDispatcherServlet  : Initializing Servlet ''
2020-06-28 23:00:24.189  INFO 16520 --- [main] o.s.t.web.servlet.TestDispatcherServlet  : Completed initialization in 0 ms
2020-06-28 23:00:24.340  INFO 16520 --- [main] o.s.mock.web.MockServletContext          : Initializing Spring TestDispatcherServlet ''
2020-06-28 23:00:24.340  INFO 16520 --- [main] o.s.t.web.servlet.TestDispatcherServlet  : Initializing Servlet ''
2020-06-28 23:00:24.340  INFO 16520 --- [main] o.s.t.web.servlet.TestDispatcherServlet  : Completed initialization in 0 ms
2020-06-28 23:00:24.345  INFO 16520 --- [SpringContextShutdownHook] o.s.s.c.ThreadPoolTaskScheduler          : Shutting down ExecutorService 'taskScheduler'
2020-06-28 23:00:24.346  INFO 16520 --- [SpringContextShutdownHook] o.s.s.concurrent.ThreadPoolTaskExecutor  : Shutting down ExecutorService 'applicationTaskExecutor'
